2024-08-31 20:57:05 - 200 - {"status":0,"message":"","data":{"tel_id":"5207043004","id":11470,"fn":"Vladimir","ln":"Vladimirovich $CRL #CRLArmy","access_token":"eyJhbGciOiJIUzI1NiIsInR5cCI6IkpXVCJ9.eyJ0b2tlblVzZXIiOnsidGVsX2lkIjoiNTIwNzA0MzAwNCIsImlkIjoxMTQ3MCwiZm4iOiJWbGFkaW1pciIsImxuIjoiVmxhZGltaXJvdmljaCAkQ1JMICNDUkxBcm15In0sImlhdCI6MTcyNTExMjYyOCwiZXhwIjoxNzI3NzA0NjI4fQ.Vd1a61WBzPgGyeYBWr7w02f7wggi7DgLlm-JU6ezcv0","photo_url":"","is_kol":0}}
2024-08-31 20:57:06 - 200 - {"status":0,"message":"","data":{"available_balance":"42913.20","play_passes":5,"timestamp":1725112628,"daily":null}}
2024-08-31 20:57:07 - 200 - {"status":0,"message":"","data":{"round_id":"f048620c-fe2b-43cb-84d8-91325daeea6c","user_id":11470,"start_at":1725083829,"last_check_ts":1725083829,"last_check_ymd":20240831,"next_check_ts":1725120000,"check_counter":1,"today_points":1000,"today_game":5}}
2024-08-31 20:57:07 - 200 - {"status":0,"message":"","data":{"available_balance":"43913.20","play_passes":10,"timestamp":1725112629,"daily":{"round_id":"f048620c-fe2b-43cb-84d8-91325daeea6c","user_id":11470,"start_at":1725083829,"last_check_ts":1725083829,"last_check_ymd":20240831,"next_check_ts":1725120000,"check_counter":1,"today_points":1000,"today_game":5}}}
2024-08-31 20:57:07 - 200 - {"status":0,"message":"","data":{"game_id":"53b22103-c7ff-413d-bc63-20f6fb806a07","round_id":"6ca54a7c-53e7-4477-a599-71258fb023c6","user_id":11470,"start_at":1725112629,"end_at":1725123429,"last_claim":1725112629,"points":0}}
2024-08-31 20:57:08 - 200 - {"status":0,"message":"","data":{"available_balance":43913.2,"play_passes":10,"timestamp":1725112629,"farming":{"game_id":"53b22103-c7ff-413d-bc63-20f6fb806a07","round_id":"6ca54a7c-53e7-4477-a599-71258fb023c6","user_id":11470,"start_at":1725112629,"end_at":1725123429,"last_claim":1725112629,"points":0},"daily":{"round_id":"f048620c-fe2b-43cb-84d8-91325daeea6c","user_id":11470,"start_at":1725083829,"last_check_ts":1725083829,"last_check_ymd":20240831,"next_check_ts":1725120000,"check_counter":1,"today_points":1000,"today_game":5}}}
2024-08-31 20:57:08 - 200 - {"status":0,"message":"","data":{"round_id":"5dd5db3f-8897-479c-ae14-c28727eb7c9b","user_id":11470,"start_at":1725112630,"end_at":1725112660}}
2024-08-31 20:57:38 - 200 - {"status":0,"message":"","data":{"round_id":"5dd5db3f-8897-479c-ae14-c28727eb7c9b","user_id":11470,"start_at":1725112630,"end_at":1725112660,"points":261}}
2024-08-31 20:57:38 - 200 - {"status":0,"message":"","data":{"round_id":"e176b1c8-012a-4ab9-b314-66f05ce19138","user_id":11470,"start_at":1725112660,"end_at":1725112690}}
2024-08-31 20:58:09 - 200 - {"status":0,"message":"","data":{"round_id":"e176b1c8-012a-4ab9-b314-66f05ce19138","user_id":11470,"start_at":1725112660,"end_at":1725112690,"points":251}}
2024-08-31 20:58:09 - 200 - {"status":0,"message":"","data":{"round_id":"dd1a29b8-0fb2-473f-a808-2779cfb47194","user_id":11470,"start_at":1725112691,"end_at":1725112721}}
2024-08-31 20:58:40 - 200 - {"status":0,"message":"","data":{"round_id":"dd1a29b8-0fb2-473f-a808-2779cfb47194","user_id":11470,"start_at":1725112691,"end_at":1725112721,"points":158}}
2024-08-31 20:58:40 - 200 - {"status":0,"message":"","data":{"round_id":"78105ad0-d118-40c9-87a9-9d26afc19646","user_id":11470,"start_at":1725112722,"end_at":1725112752}}
2024-08-31 20:59:10 - 200 - {"status":0,"message":"","data":{"round_id":"78105ad0-d118-40c9-87a9-9d26afc19646","user_id":11470,"start_at":1725112722,"end_at":1725112752,"points":211}}
2024-08-31 20:59:10 - 200 - {"status":0,"message":"","data":{"round_id":"84376a80-a5e0-442f-8407-94eed6eacfc7","user_id":11470,"start_at":1725112752,"end_at":1725112782}}
2024-08-31 20:59:41 - 200 - {"status":0,"message":"","data":{"round_id":"84376a80-a5e0-442f-8407-94eed6eacfc7","user_id":11470,"start_at":1725112752,"end_at":1725112782,"points":264}}
2024-08-31 20:59:41 - 200 - {"status":0,"message":"","data":{"round_id":"67fa7afd-518c-436e-a4ca-d77d36862fae","user_id":11470,"start_at":1725112783,"end_at":1725112813}}
2024-08-31 21:00:11 - 200 - {"status":0,"message":"","data":{"round_id":"67fa7afd-518c-436e-a4ca-d77d36862fae","user_id":11470,"start_at":1725112783,"end_at":1725112813,"points":211}}
2024-08-31 21:00:11 - 200 - {"status":0,"message":"","data":{"round_id":"7d2c6e70-3d6b-44d8-8a73-afba13ee8063","user_id":11470,"start_at":1725112813,"end_at":1725112843}}
2024-08-31 21:00:42 - 200 - {"status":0,"message":"","data":{"round_id":"7d2c6e70-3d6b-44d8-8a73-afba13ee8063","user_id":11470,"start_at":1725112813,"end_at":1725112843,"points":149}}
2024-08-31 21:00:42 - 200 - {"status":0,"message":"","data":{"round_id":"fe95e7bf-362d-4e83-8008-167b4938e5d0","user_id":11470,"start_at":1725112844,"end_at":1725112874}}
2024-08-31 21:01:12 - 200 - {"status":0,"message":"","data":{"round_id":"fe95e7bf-362d-4e83-8008-167b4938e5d0","user_id":11470,"start_at":1725112844,"end_at":1725112874,"points":256}}
2024-08-31 21:01:12 - 200 - {"status":0,"message":"","data":{"round_id":"8ffdbcda-ee5d-417c-bf09-1127dd79eea4","user_id":11470,"start_at":1725112874,"end_at":1725112904}}
2024-08-31 21:01:42 - 200 - {"status":0,"message":"","data":{"round_id":"8ffdbcda-ee5d-417c-bf09-1127dd79eea4","user_id":11470,"start_at":1725112874,"end_at":1725112904,"points":200}}
2024-08-31 21:01:43 - 200 - {"status":0,"message":"","data":{"round_id":"38adcc2c-d86d-4aee-9756-39f490dd0354","user_id":11470,"start_at":1725112904,"end_at":1725112934}}
2024-08-31 21:02:13 - 200 - {"status":0,"message":"","data":{"round_id":"38adcc2c-d86d-4aee-9756-39f490dd0354","user_id":11470,"start_at":1725112904,"end_at":1725112934,"points":194}}
2024-08-31 21:02:13 - 200 - {"status":0,"message":"","data":{"available_balance":"46068.20","play_passes":0,"timestamp":1725112935,"farming":{"game_id":"53b22103-c7ff-413d-bc63-20f6fb806a07","round_id":"6ca54a7c-53e7-4477-a599-71258fb023c6","user_id":11470,"start_at":1725112629,"end_at":1725123429,"last_claim":1725112629,"points":0},"daily":{"round_id":"f048620c-fe2b-43cb-84d8-91325daeea6c","user_id":11470,"start_at":1725083829,"last_check_ts":1725083829,"last_check_ymd":20240831,"next_check_ts":1725120000,"check_counter":1,"today_points":1000,"today_game":5}}}
2024-08-31 20:41:00 - 200 - {"status":0,"message":"","data":{"available_balance":"46068.20","play_passes":0,"timestamp":1725136860,"farming":{"game_id":"53b22103-c7ff-413d-bc63-20f6fb806a07","round_id":"6ca54a7c-53e7-4477-a599-71258fb023c6","user_id":11470,"start_at":1725112629,"end_at":1725123429,"last_claim":1725112629,"points":0},"daily":{"round_id":"f048620c-fe2b-43cb-84d8-91325daeea6c","user_id":11470,"start_at":1725083829,"last_check_ts":1725083829,"last_check_ymd":20240831,"next_check_ts":1725120000,"check_counter":1,"today_points":1000,"today_game":5}}}
2024-08-31 20:41:00 - 200 - {"status":400,"message":"already_check","data":{"round_id":"f048620c-fe2b-43cb-84d8-91325daeea6c","user_id":11470,"start_at":1725083829,"last_check_ts":1725083829,"last_check_ymd":20240831,"next_check_ts":1725120000,"check_counter":1,"today_points":1000,"today_game":5}}
2024-08-31 20:41:01 - 200 - {"status":0,"message":"","data":{"game_id":"53b22103-c7ff-413d-bc63-20f6fb806a07","round_id":"6ca54a7c-53e7-4477-a599-71258fb023c6","user_id":11470,"start_at":1725112629,"end_at":1725123429,"last_claim":1725136861,"points":"1080.00","finished":true,"claim_this_time":"1080.00"}}
2024-08-31 20:41:01 - 200 - {"status":0,"message":"","data":{"available_balance":"47148.20","play_passes":0,"timestamp":1725136861,"daily":{"round_id":"f048620c-fe2b-43cb-84d8-91325daeea6c","user_id":11470,"start_at":1725083829,"last_check_ts":1725083829,"last_check_ymd":20240831,"next_check_ts":1725120000,"check_counter":1,"today_points":1000,"today_game":5}}}
2024-08-31 20:41:01 - 200 - {"status":400,"message":"already_check","data":{"round_id":"f048620c-fe2b-43cb-84d8-91325daeea6c","user_id":11470,"start_at":1725083829,"last_check_ts":1725083829,"last_check_ymd":20240831,"next_check_ts":1725120000,"check_counter":1,"today_points":1000,"today_game":5}}
2024-08-31 20:41:01 - 200 - {"status":0,"message":"","data":{"game_id":"53b22103-c7ff-413d-bc63-20f6fb806a07","round_id":"5e92bf63-c1c4-42b5-adbc-154da8f7377f","user_id":11470,"start_at":1725136861,"end_at":1725147661,"last_claim":1725136861,"points":0}}
2024-08-31 20:41:01 - 200 - {"status":0,"message":"","data":{"available_balance":47148.2,"play_passes":0,"timestamp":1725136861,"farming":{"game_id":"53b22103-c7ff-413d-bc63-20f6fb806a07","round_id":"5e92bf63-c1c4-42b5-adbc-154da8f7377f","user_id":11470,"start_at":1725136861,"end_at":1725147661,"last_claim":1725136861,"points":0},"daily":{"round_id":"f048620c-fe2b-43cb-84d8-91325daeea6c","user_id":11470,"start_at":1725083829,"last_check_ts":1725083829,"last_check_ymd":20240831,"next_check_ts":1725120000,"check_counter":1,"today_points":1000,"today_game":5}}}
2024-08-31 20:41:01 - 200 - {"status":400,"message":"already_check","data":{"round_id":"f048620c-fe2b-43cb-84d8-91325daeea6c","user_id":11470,"start_at":1725083829,"last_check_ts":1725083829,"last_check_ymd":20240831,"next_check_ts":1725120000,"check_counter":1,"today_points":1000,"today_game":5}}
2024-08-31 20:45:14 - 200 - {"status":0,"message":"","data":{"available_balance":47148.2,"play_passes":0,"timestamp":1725137114,"farming":{"game_id":"53b22103-c7ff-413d-bc63-20f6fb806a07","round_id":"5e92bf63-c1c4-42b5-adbc-154da8f7377f","user_id":11470,"start_at":1725136861,"end_at":1725147661,"last_claim":1725136861,"points":0},"daily":{"round_id":"f048620c-fe2b-43cb-84d8-91325daeea6c","user_id":11470,"start_at":1725083829,"last_check_ts":1725083829,"last_check_ymd":20240831,"next_check_ts":1725120000,"check_counter":1,"today_points":1000,"today_game":5}}}
2024-08-31 20:45:14 - 200 - {"status":400,"message":"already_check","data":{"round_id":"f048620c-fe2b-43cb-84d8-91325daeea6c","user_id":11470,"start_at":1725083829,"last_check_ts":1725083829,"last_check_ymd":20240831,"next_check_ts":1725120000,"check_counter":1,"today_points":1000,"today_game":5}}
2024-08-31 20:45:18 - 200 - {"status":0,"message":"","data":{"tel_id":"6005946215","id":763857,"fn":".","ln":"Hina","access_token":"eyJhbGciOiJIUzI1NiIsInR5cCI6IkpXVCJ9.eyJ0b2tlblVzZXIiOnsidGVsX2lkIjoiNjAwNTk0NjIxNSIsImlkIjo3NjM4NTcsImZuIjoiLiIsImxuIjoiSGluYSJ9LCJpYXQiOjE3MjUxMzcxMTgsImV4cCI6MTcyNzcyOTExOH0._27VMQCjrvmmOTzUurEy6FRe9No1EjtpLuz0KCtcmXw","photo_url":"","is_kol":0}}
2024-08-31 20:45:18 - 200 - {"status":0,"message":"","data":{"available_balance":"31060.00","play_passes":5,"timestamp":1725137118,"daily":null}}
2024-08-31 20:45:18 - 200 - {"status":0,"message":"","data":{"round_id":"1daf7f02-3cf7-4acb-b75e-da447bd09c26","user_id":763857,"start_at":1725108318,"last_check_ts":1725108318,"last_check_ymd":20240831,"next_check_ts":1725120000,"check_counter":1,"today_points":1000,"today_game":5}}
2024-08-31 20:45:18 - 200 - {"status":0,"message":"","data":{"available_balance":"32060.00","play_passes":10,"timestamp":1725137118,"daily":{"round_id":"1daf7f02-3cf7-4acb-b75e-da447bd09c26","user_id":763857,"start_at":1725108318,"last_check_ts":1725108318,"last_check_ymd":20240831,"next_check_ts":1725120000,"check_counter":1,"today_points":1000,"today_game":5}}}
2024-08-31 20:45:18 - 200 - {"status":400,"message":"already_check","data":{"round_id":"1daf7f02-3cf7-4acb-b75e-da447bd09c26","user_id":763857,"start_at":1725108318,"last_check_ts":1725108318,"last_check_ymd":20240831,"next_check_ts":1725120000,"check_counter":1,"today_points":1000,"today_game":5}}
2024-08-31 20:45:18 - 200 - {"status":0,"message":"","data":{"game_id":"53b22103-c7ff-413d-bc63-20f6fb806a07","round_id":"39e8c9c1-0f16-4ee5-8574-ec9e98fff50b","user_id":763857,"start_at":1725137118,"end_at":1725147918,"last_claim":1725137118,"points":0}}
2024-08-31 20:45:19 - 200 - {"status":0,"message":"","data":{"available_balance":32060,"play_passes":10,"timestamp":1725137119,"farming":{"game_id":"53b22103-c7ff-413d-bc63-20f6fb806a07","round_id":"39e8c9c1-0f16-4ee5-8574-ec9e98fff50b","user_id":763857,"start_at":1725137118,"end_at":1725147918,"last_claim":1725137118,"points":0},"daily":{"round_id":"1daf7f02-3cf7-4acb-b75e-da447bd09c26","user_id":763857,"start_at":1725108318,"last_check_ts":1725108318,"last_check_ymd":20240831,"next_check_ts":1725120000,"check_counter":1,"today_points":1000,"today_game":5}}}
2024-08-31 20:45:19 - 200 - {"status":400,"message":"already_check","data":{"round_id":"1daf7f02-3cf7-4acb-b75e-da447bd09c26","user_id":763857,"start_at":1725108318,"last_check_ts":1725108318,"last_check_ymd":20240831,"next_check_ts":1725120000,"check_counter":1,"today_points":1000,"today_game":5}}
2024-08-31 20:45:19 - 200 - {"status":0,"message":"","data":{"round_id":"6970a101-a645-49e1-82fc-c39c245e1285","user_id":763857,"start_at":1725137119,"end_at":1725137149}}
2024-08-31 20:45:49 - 200 - {"status":0,"message":"","data":{"round_id":"6970a101-a645-49e1-82fc-c39c245e1285","user_id":763857,"start_at":1725137119,"end_at":1725137149,"points":233}}
2024-08-31 20:45:49 - 200 - {"status":0,"message":"","data":{"round_id":"9db7f9ee-f9d6-4ad7-82b1-0f932adf6b4d","user_id":763857,"start_at":1725137149,"end_at":1725137179}}
2024-08-31 20:46:19 - 200 - {"status":0,"message":"","data":{"round_id":"9db7f9ee-f9d6-4ad7-82b1-0f932adf6b4d","user_id":763857,"start_at":1725137149,"end_at":1725137179,"points":106}}
2024-08-31 20:46:19 - 200 - {"status":0,"message":"","data":{"round_id":"75706af2-6522-48ce-860a-e4013894a4b8","user_id":763857,"start_at":1725137179,"end_at":1725137209}}
2024-08-31 20:46:50 - 200 - {"status":0,"message":"","data":{"round_id":"75706af2-6522-48ce-860a-e4013894a4b8","user_id":763857,"start_at":1725137179,"end_at":1725137209,"points":234}}
2024-08-31 20:46:50 - 200 - {"status":0,"message":"","data":{"round_id":"b5db160b-9769-4783-93c2-6fb56ee8d4fd","user_id":763857,"start_at":1725137210,"end_at":1725137240}}
2024-08-31 20:47:20 - 200 - {"status":0,"message":"","data":{"round_id":"b5db160b-9769-4783-93c2-6fb56ee8d4fd","user_id":763857,"start_at":1725137210,"end_at":1725137240,"points":264}}
2024-08-31 20:47:20 - 200 - {"status":0,"message":"","data":{"round_id":"83c37f51-deed-496b-a3eb-0e0f18ee104b","user_id":763857,"start_at":1725137240,"end_at":1725137270}}
2024-08-31 20:47:50 - 200 - {"status":0,"message":"","data":{"round_id":"83c37f51-deed-496b-a3eb-0e0f18ee104b","user_id":763857,"start_at":1725137240,"end_at":1725137270,"points":291}}
2024-08-31 20:47:51 - 200 - {"status":0,"message":"","data":{"round_id":"87f25059-d4fa-469d-90fe-45db31b94ab4","user_id":763857,"start_at":1725137271,"end_at":1725137301}}
2024-08-31 20:48:21 - 200 - {"status":0,"message":"","data":{"round_id":"87f25059-d4fa-469d-90fe-45db31b94ab4","user_id":763857,"start_at":1725137271,"end_at":1725137301,"points":104}}
2024-08-31 20:48:21 - 200 - {"status":0,"message":"","data":{"round_id":"65417094-3954-40b8-bfcb-014f264c18ed","user_id":763857,"start_at":1725137301,"end_at":1725137331}}
2024-08-31 20:48:51 - 200 - {"status":0,"message":"","data":{"round_id":"65417094-3954-40b8-bfcb-014f264c18ed","user_id":763857,"start_at":1725137301,"end_at":1725137331,"points":296}}
2024-08-31 20:48:51 - 200 - {"status":0,"message":"","data":{"round_id":"6a872627-a551-44d0-ae76-a7e84c536a4f","user_id":763857,"start_at":1725137331,"end_at":1725137361}}
2024-08-31 20:49:21 - 200 - {"status":0,"message":"","data":{"round_id":"6a872627-a551-44d0-ae76-a7e84c536a4f","user_id":763857,"start_at":1725137331,"end_at":1725137361,"points":223}}
2024-08-31 20:49:22 - 200 - {"status":0,"message":"","data":{"round_id":"ef5a8a74-b46d-4005-958d-597b73e958c4","user_id":763857,"start_at":1725137362,"end_at":1725137392}}
2024-08-31 20:49:52 - 200 - {"status":0,"message":"","data":{"round_id":"ef5a8a74-b46d-4005-958d-597b73e958c4","user_id":763857,"start_at":1725137362,"end_at":1725137392,"points":248}}
2024-08-31 20:49:52 - 200 - {"status":0,"message":"","data":{"round_id":"cf1a4621-b1f9-47ec-b31e-4e79d89c3b84","user_id":763857,"start_at":1725137392,"end_at":1725137422}}
2024-08-31 20:50:23 - 200 - {"status":0,"message":"","data":{"round_id":"cf1a4621-b1f9-47ec-b31e-4e79d89c3b84","user_id":763857,"start_at":1725137392,"end_at":1725137422,"points":188}}
2024-08-31 20:50:23 - 200 - {"status":0,"message":"","data":{"available_balance":"34247.00","play_passes":0,"timestamp":1725137423,"farming":{"game_id":"53b22103-c7ff-413d-bc63-20f6fb806a07","round_id":"39e8c9c1-0f16-4ee5-8574-ec9e98fff50b","user_id":763857,"start_at":1725137118,"end_at":1725147918,"last_claim":1725137118,"points":0},"daily":{"round_id":"1daf7f02-3cf7-4acb-b75e-da447bd09c26","user_id":763857,"start_at":1725108318,"last_check_ts":1725108318,"last_check_ymd":20240831,"next_check_ts":1725120000,"check_counter":1,"today_points":1000,"today_game":5}}}
2024-08-31 20:50:23 - 200 - {"status":400,"message":"already_check","data":{"round_id":"1daf7f02-3cf7-4acb-b75e-da447bd09c26","user_id":763857,"start_at":1725108318,"last_check_ts":1725108318,"last_check_ymd":20240831,"next_check_ts":1725120000,"check_counter":1,"today_points":1000,"today_game":5}}
2024-08-31 20:50:26 - 200 - {"status":0,"message":"","data":{"tel_id":"561410130","id":775580,"fn":"Yam","ln":"millrm I FullForce","access_token":"eyJhbGciOiJIUzI1NiIsInR5cCI6IkpXVCJ9.eyJ0b2tlblVzZXIiOnsidGVsX2lkIjoiNTYxNDEwMTMwIiwiaWQiOjc3NTU4MCwiZm4iOiJZYW0iLCJsbiI6Im1pbGxybSBJIEZ1bGxGb3JjZSJ9LCJpYXQiOjE3MjUxMzc0MjYsImV4cCI6MTcyNzcyOTQyNn0.eYHy3zusoB46ZsNDUYvt0PP7yQfcvsMuVtiuoEf7dnk","photo_url":"","is_kol":0}}
2024-08-31 20:50:26 - 200 - {"status":0,"message":"","data":{"available_balance":"4200.00","play_passes":5,"timestamp":1725137426,"daily":null}}
2024-08-31 20:50:26 - 200 - {"status":0,"message":"","data":{"round_id":"fc40d60c-1fe5-4395-8978-823501b39940","user_id":775580,"start_at":1725108626,"last_check_ts":1725108626,"last_check_ymd":20240831,"next_check_ts":1725120000,"check_counter":1,"today_points":1000,"today_game":5}}
2024-08-31 20:50:27 - 200 - {"status":0,"message":"","data":{"available_balance":"5200.00","play_passes":10,"timestamp":1725137427,"daily":{"round_id":"fc40d60c-1fe5-4395-8978-823501b39940","user_id":775580,"start_at":1725108626,"last_check_ts":1725108626,"last_check_ymd":20240831,"next_check_ts":1725120000,"check_counter":1,"today_points":1000,"today_game":5}}}
2024-08-31 20:50:27 - 200 - {"status":400,"message":"already_check","data":{"round_id":"fc40d60c-1fe5-4395-8978-823501b39940","user_id":775580,"start_at":1725108626,"last_check_ts":1725108626,"last_check_ymd":20240831,"next_check_ts":1725120000,"check_counter":1,"today_points":1000,"today_game":5}}
2024-08-31 20:50:27 - 200 - {"status":0,"message":"","data":{"game_id":"53b22103-c7ff-413d-bc63-20f6fb806a07","round_id":"dc4ae574-6f3a-4335-9b89-055c39ae86b3","user_id":775580,"start_at":1725137427,"end_at":1725148227,"last_claim":1725137427,"points":0}}
2024-08-31 20:50:27 - 200 - {"status":0,"message":"","data":{"available_balance":5200,"play_passes":10,"timestamp":1725137427,"farming":{"game_id":"53b22103-c7ff-413d-bc63-20f6fb806a07","round_id":"dc4ae574-6f3a-4335-9b89-055c39ae86b3","user_id":775580,"start_at":1725137427,"end_at":1725148227,"last_claim":1725137427,"points":0},"daily":{"round_id":"fc40d60c-1fe5-4395-8978-823501b39940","user_id":775580,"start_at":1725108626,"last_check_ts":1725108626,"last_check_ymd":20240831,"next_check_ts":1725120000,"check_counter":1,"today_points":1000,"today_game":5}}}
2024-08-31 20:50:27 - 200 - {"status":400,"message":"already_check","data":{"round_id":"fc40d60c-1fe5-4395-8978-823501b39940","user_id":775580,"start_at":1725108626,"last_check_ts":1725108626,"last_check_ymd":20240831,"next_check_ts":1725120000,"check_counter":1,"today_points":1000,"today_game":5}}
2024-08-31 20:50:28 - 200 - {"status":0,"message":"","data":{"round_id":"b3291de9-cd98-4c72-b6b3-604d4c7a9fde","user_id":775580,"start_at":1725137428,"end_at":1725137458}}
2024-08-31 20:50:58 - 200 - {"status":0,"message":"","data":{"round_id":"b3291de9-cd98-4c72-b6b3-604d4c7a9fde","user_id":775580,"start_at":1725137428,"end_at":1725137458,"points":210}}
2024-08-31 20:50:58 - 200 - {"status":0,"message":"","data":{"round_id":"329191ef-98f9-4fdb-8959-186787aa6fcb","user_id":775580,"start_at":1725137458,"end_at":1725137488}}
2024-08-31 20:51:28 - 200 - {"status":0,"message":"","data":{"round_id":"329191ef-98f9-4fdb-8959-186787aa6fcb","user_id":775580,"start_at":1725137458,"end_at":1725137488,"points":189}}
2024-08-31 20:51:29 - 200 - {"status":0,"message":"","data":{"round_id":"4064aefa-87d1-411c-98d0-9b82a310d286","user_id":775580,"start_at":1725137489,"end_at":1725137519}}
2024-08-31 20:51:59 - 200 - {"status":0,"message":"","data":{"round_id":"4064aefa-87d1-411c-98d0-9b82a310d286","user_id":775580,"start_at":1725137489,"end_at":1725137519,"points":250}}
2024-08-31 20:51:59 - 200 - {"status":0,"message":"","data":{"round_id":"d1cad6bd-53d6-45eb-b56f-54f1c50b4e64","user_id":775580,"start_at":1725137519,"end_at":1725137549}}
2024-08-31 20:52:29 - 200 - {"status":0,"message":"","data":{"round_id":"d1cad6bd-53d6-45eb-b56f-54f1c50b4e64","user_id":775580,"start_at":1725137519,"end_at":1725137549,"points":235}}
2024-08-31 20:52:29 - 200 - {"status":0,"message":"","data":{"round_id":"71814bd5-4a3c-47e1-aaa8-5bf22ef2b138","user_id":775580,"start_at":1725137549,"end_at":1725137579}}
2024-08-31 20:52:59 - 200 - {"status":0,"message":"","data":{"round_id":"71814bd5-4a3c-47e1-aaa8-5bf22ef2b138","user_id":775580,"start_at":1725137549,"end_at":1725137579,"points":300}}
2024-08-31 20:53:00 - 200 - {"status":0,"message":"","data":{"round_id":"52474c00-1d7e-41d5-ac66-eff6f3df3d09","user_id":775580,"start_at":1725137580,"end_at":1725137610}}
2024-08-31 20:53:30 - 200 - {"status":0,"message":"","data":{"round_id":"52474c00-1d7e-41d5-ac66-eff6f3df3d09","user_id":775580,"start_at":1725137580,"end_at":1725137610,"points":286}}
2024-08-31 20:53:30 - 200 - {"status":0,"message":"","data":{"round_id":"b139e878-77ba-4f40-bac2-cbfa94e7d06e","user_id":775580,"start_at":1725137610,"end_at":1725137640}}
2024-08-31 20:54:00 - 200 - {"status":0,"message":"","data":{"round_id":"b139e878-77ba-4f40-bac2-cbfa94e7d06e","user_id":775580,"start_at":1725137610,"end_at":1725137640,"points":165}}
2024-08-31 20:54:00 - 200 - {"status":0,"message":"","data":{"round_id":"05c1284f-b13c-4566-b65b-10dc4805e837","user_id":775580,"start_at":1725137640,"end_at":1725137670}}
2024-08-31 20:54:30 - 200 - {"status":0,"message":"","data":{"round_id":"05c1284f-b13c-4566-b65b-10dc4805e837","user_id":775580,"start_at":1725137640,"end_at":1725137670,"points":229}}
2024-08-31 20:54:31 - 200 - {"status":0,"message":"","data":{"round_id":"5197fd5a-196a-45fe-88c8-c252048e705a","user_id":775580,"start_at":1725137671,"end_at":1725137701}}
2024-08-31 20:55:01 - 200 - {"status":0,"message":"","data":{"round_id":"5197fd5a-196a-45fe-88c8-c252048e705a","user_id":775580,"start_at":1725137671,"end_at":1725137701,"points":116}}
2024-08-31 20:55:01 - 200 - {"status":0,"message":"","data":{"round_id":"5c7da122-30ae-46a6-8ef1-dbb52e070f7a","user_id":775580,"start_at":1725137701,"end_at":1725137731}}
2024-08-31 20:55:31 - 200 - {"status":0,"message":"","data":{"round_id":"5c7da122-30ae-46a6-8ef1-dbb52e070f7a","user_id":775580,"start_at":1725137701,"end_at":1725137731,"points":104}}
2024-08-31 20:55:31 - 200 - {"status":0,"message":"","data":{"available_balance":"7284.00","play_passes":0,"timestamp":1725137731,"farming":{"game_id":"53b22103-c7ff-413d-bc63-20f6fb806a07","round_id":"dc4ae574-6f3a-4335-9b89-055c39ae86b3","user_id":775580,"start_at":1725137427,"end_at":1725148227,"last_claim":1725137427,"points":0},"daily":{"round_id":"fc40d60c-1fe5-4395-8978-823501b39940","user_id":775580,"start_at":1725108626,"last_check_ts":1725108626,"last_check_ymd":20240831,"next_check_ts":1725120000,"check_counter":1,"today_points":1000,"today_game":5}}}
2024-08-31 20:55:31 - 200 - {"status":400,"message":"already_check","data":{"round_id":"fc40d60c-1fe5-4395-8978-823501b39940","user_id":775580,"start_at":1725108626,"last_check_ts":1725108626,"last_check_ymd":20240831,"next_check_ts":1725120000,"check_counter":1,"today_points":1000,"today_game":5}}
